########### array before sorts ###########
0	-23.368000	39.370000	459.212000	38.862000	n
1	459.212000	38.862000	459.212000	440.360000	n
2	459.212000	440.360000	-23.368000	440.868000	n
3	-23.368000	440.868000	-23.368000	39.370000	n
Tolerance=0.050000.
*Exact match for i=0 and j=1.
*i point -23.368000	39.370000	459.212000	38.862000	y
*Exact match for i=1 and j=2.
*i point 459.212000	38.862000	459.212000	440.360000	y
*Exact match for i=2 and j=3.
*i point 459.212000	440.360000	-23.368000	440.868000	y
########### array after sorts ###########
0	-23.368000	39.370000	459.212000	38.862000	y
1	459.212000	38.862000	459.212000	440.360000	y
2	459.212000	440.360000	-23.368000	440.868000	y
3	-23.368000	440.868000	-23.368000	39.370000	y
***************
.BOARD_OUTLINE UNOWNED
1.6
0     -23.368000     39.370000     0
0     459.212000     38.862000     0
0     459.212000     440.360000     0
0     -23.368000     440.868000     0
0     -23.368000     39.370000     0
